<?xml version="1.0" encoding="UTF-8"?>
<!-- Generated by org.testng.reporters.JUnitReportReporter -->
<testsuite hostname="SantoshPatil-09032022" failures="0" tests="1" name="testClasses.CreateAppointmentTest" time="32.532" errors="0" timestamp="2025-05-08T00:43:46 IST" skipped="0">
  <testcase classname="testClasses.CreateAppointmentTest" name="CreateAppointmnet" time="32.532"/>
</testsuite> <!-- testClasses.CreateAppointmentTest -->
