<?xml version="1.0" encoding="UTF-8"?>
<!-- Generated by org.testng.reporters.JUnitReportReporter -->
<testsuite hostname="SantoshPatil-09032022" failures="0" tests="1" name="testClasses.Extent_Report" time="0.012" errors="0" timestamp="2025-05-12T02:50:28 IST" skipped="0">
  <testcase classname="testClasses.Extent_Report" name="demoTest" time="0.012">
    <system-out>
      <![CDATA[All scenarios passed
My Test Case got passed]]>
    </system-out>
  </testcase> <!-- demoTest -->
  <system-out>
    <![CDATA[My Test Case got passed
My Test Case got passed
All scenarios passed
My Test Case got passed]]>
  </system-out>
</testsuite> <!-- testClasses.Extent_Report -->
