<?xml version="1.0" encoding="UTF-8"?>
<!-- Generated by org.testng.reporters.JUnitReportReporter -->
<testsuite hostname="SantoshPatil-09032022" failures="0" tests="1" name="testClasses.AddPatVitalsTest" time="40.653" errors="0" timestamp="2025-05-08T14:29:00 IST" skipped="0">
  <testcase classname="testClasses.AddPatVitalsTest" name="addPatVitals" time="40.653">
    <system-out>
      <![CDATA[My Test Case got passed]]>
    </system-out>
  </testcase> <!-- addPatVitals -->
  <system-out>
    <![CDATA[My Test Case got passed]]>
  </system-out>
</testsuite> <!-- testClasses.AddPatVitalsTest -->
