<?xml version="1.0" encoding="UTF-8"?>
<!-- Generated by org.testng.reporters.JUnitReportReporter -->
<testsuite hostname="SantoshPatil-09032022" failures="0" tests="1" name="testClasses.RecordPatientConditionsTest" time="44.435" errors="0" timestamp="2025-05-13T18:20:19 IST" skipped="0">
  <testcase classname="testClasses.RecordPatientConditionsTest" name="recordPatientCondition" time="44.435">
    <system-out>
      <![CDATA[My Test Case got passed]]>
    </system-out>
  </testcase> <!-- recordPatientCondition -->
  <system-out>
    <![CDATA[My Test Case got passed]]>
  </system-out>
</testsuite> <!-- testClasses.RecordPatientConditionsTest -->
