<?xml version="1.0" encoding="UTF-8"?>
<!-- Generated by org.testng.reporters.JUnitReportReporter -->
<testsuite hostname="SantoshPatil-09032022" failures="0" tests="1" name="testClasses.RegisterPatientTest" time="49.612" errors="0" timestamp="2025-05-11T00:44:34 IST" skipped="0">
  <testcase classname="testClasses.RegisterPatientTest" name="addPatient" time="49.612">
    <system-out>
      <![CDATA[My Test Case got passed]]>
    </system-out>
  </testcase> <!-- addPatient -->
  <system-out>
    <![CDATA[My Test Case got passed
My Test Case got passed
My Test Case got passed
My Test Case got passed
My Test Case got passed
All scenarios passed
My Test Case got passed]]>
  </system-out>
</testsuite> <!-- testClasses.RegisterPatientTest -->
