<?xml version="1.0" encoding="UTF-8"?>
<!-- Generated by org.testng.reporters.JUnitReportReporter -->
<testsuite hostname="SantoshPatil-09032022" failures="0" tests="1" name="testClasses.PatientEndVisitTest" time="36.367" errors="0" timestamp="2025-05-13T02:36:39 IST" skipped="0">
  <testcase classname="testClasses.PatientEndVisitTest" name="excuteEndVsistPatient" time="36.367"/>
</testsuite> <!-- testClasses.PatientEndVisitTest -->
