<?xml version="1.0" encoding="UTF-8"?>
<!-- Generated by org.testng.reporters.JUnitReportReporter -->
<testsuite hostname="SantoshPatil-09032022" failures="0" tests="2" name="testClasses.RegisterPatientTest" time="95.991" errors="0" timestamp="2025-05-07T21:22:33 IST" skipped="0">
  <testcase classname="testClasses.RegisterPatientTest" name="addPatient" time="48.454">
    <system-out>
      <![CDATA[My Test Case got passed]]>
    </system-out>
  </testcase> <!-- addPatient -->
  <testcase classname="testClasses.RegisterPatientTest" name="addPatient" time="47.537">
    <system-out>
      <![CDATA[My Test Case got passed]]>
    </system-out>
  </testcase> <!-- addPatient -->
  <system-out>
    <![CDATA[My Test Case got failed
My Test Case got passed
My Test Case got passed
My Test Case got passed
My Test Case got passed]]>
  </system-out>
</testsuite> <!-- testClasses.RegisterPatientTest -->
