<?xml version="1.0" encoding="UTF-8"?>
<!-- Generated by org.testng.reporters.JUnitReportReporter -->
<testsuite hostname="SantoshPatil-09032022" failures="0" tests="1" name="testClasses.LoginTest" time="11.967" errors="0" timestamp="2025-05-07T21:22:33 IST" skipped="0">
  <testcase classname="testClasses.LoginTest" name="executeLoginTest" time="11.967">
    <system-out>
      <![CDATA[My Test Case got passed]]>
    </system-out>
  </testcase> <!-- executeLoginTest -->
  <system-out>
    <![CDATA[My Test Case got failed
My Test Case got passed
My Test Case got passed
My Test Case got passed
My Test Case got passed]]>
  </system-out>
</testsuite> <!-- testClasses.LoginTest -->
